# Logfile created on 2014-01-11 20:18:01 +0000 by logger.rb/36483
I, [2014-01-11T20:18:01.824965 #11947]  INFO -- : 0:  rake (10.1.1) from /Users/elliott/Sites/Hammer/gem/vendor/bundle/ruby/2.0.0/specifications/rake-10.1.1.gemspec
I, [2014-01-11T20:18:03.988305 #11947]  INFO -- : 0:  ZenTest (4.9.5) from /Users/elliott/Sites/Hammer/gem/vendor/bundle/ruby/2.0.0/specifications/ZenTest-4.9.5.gemspec
I, [2014-01-11T20:18:06.337078 #11947]  INFO -- : 0:  i18n (0.6.9) from /Users/elliott/Sites/Hammer/gem/vendor/bundle/ruby/2.0.0/specifications/i18n-0.6.9.gemspec
I, [2014-01-11T20:18:08.352265 #11947]  INFO -- : 0:  multi_json (1.8.2) from /Users/elliott/Sites/Hammer/gem/vendor/bundle/ruby/2.0.0/specifications/multi_json-1.8.2.gemspec
I, [2014-01-11T20:18:10.385293 #11947]  INFO -- : 0:  activesupport (3.2.16) from /Users/elliott/Sites/Hammer/gem/vendor/bundle/ruby/2.0.0/specifications/activesupport-3.2.16.gemspec
I, [2014-01-11T20:18:10.427499 #11947]  INFO -- : 0:  amp (0.1) from /Users/elliott/Sites/Hammer/gem/vendor/bundle/ruby/2.0.0/bundler/gems/amp-4081e952758b/amp.gemspec
I, [2014-01-11T20:18:21.276006 #11947]  INFO -- : 0:  ffi (1.9.3) from /Users/elliott/Sites/Hammer/gem/vendor/bundle/ruby/2.0.0/specifications/ffi-1.9.3.gemspec
I, [2014-01-11T20:18:23.262511 #11947]  INFO -- : 0:  sys-uname (0.9.2) from /Users/elliott/Sites/Hammer/gem/vendor/bundle/ruby/2.0.0/specifications/sys-uname-0.9.2.gemspec
I, [2014-01-11T20:18:26.803461 #11947]  INFO -- : 0:  autotest-fsevent (0.2.9) from /Users/elliott/Sites/Hammer/gem/vendor/bundle/ruby/2.0.0/specifications/autotest-fsevent-0.2.9.gemspec
I, [2014-01-11T20:18:29.121072 #11947]  INFO -- : 0:  autotest-growl (0.2.16) from /Users/elliott/Sites/Hammer/gem/vendor/bundle/ruby/2.0.0/specifications/autotest-growl-0.2.16.gemspec
I, [2014-01-11T20:18:29.122163 #11947]  INFO -- : 0:  builder (3.2.2) from /Users/elliott/Sites/Hammer/gem/vendor/bundle/ruby/2.0.0/specifications/builder-3.2.2.gemspec
I, [2014-01-11T20:18:30.733422 #11947]  INFO -- : 0:  mime-types (2.0) from /Users/elliott/Sites/Hammer/gem/vendor/bundle/ruby/2.0.0/specifications/mime-types-2.0.gemspec
I, [2014-01-11T20:18:32.167998 #11947]  INFO -- : 0:  xml-simple (1.1.3) from /Users/elliott/Sites/Hammer/gem/vendor/bundle/ruby/2.0.0/specifications/xml-simple-1.1.3.gemspec
I, [2014-01-11T20:18:32.169117 #11947]  INFO -- : 0:  aws-s3 (0.6.3) from /Users/elliott/Sites/Hammer/gem/vendor/bundle/ruby/2.0.0/specifications/aws-s3-0.6.3.gemspec
I, [2014-01-11T20:18:34.536496 #11947]  INFO -- : 0:  sass (3.2.13) from /Users/elliott/Sites/Hammer/gem/vendor/bundle/ruby/2.0.0/specifications/sass-3.2.13.gemspec
I, [2014-01-11T20:18:34.546256 #11947]  INFO -- : 0:  thor (0.18.1) from /Users/elliott/Sites/Hammer/gem/vendor/bundle/ruby/2.0.0/specifications/thor-0.18.1.gemspec
I, [2014-01-11T20:18:34.746957 #11947]  INFO -- : 0:  bourbon (3.1.8) from /Users/elliott/Sites/Hammer/gem/vendor/bundle/ruby/2.0.0/bundler/gems/bourbon-a199a965ef9a/bourbon.gemspec
I, [2014-01-11T20:18:36.341900 #11947]  INFO -- : 0:  columnize (0.3.6) from /Users/elliott/Sites/Hammer/gem/vendor/bundle/ruby/2.0.0/specifications/columnize-0.3.6.gemspec
I, [2014-01-11T20:18:37.883079 #11947]  INFO -- : 0:  debugger-linecache (1.2.0) from /Users/elliott/Sites/Hammer/gem/vendor/bundle/ruby/2.0.0/specifications/debugger-linecache-1.2.0.gemspec
I, [2014-01-11T20:18:40.935703 #11947]  INFO -- : 0:  byebug (2.5.0) from /Users/elliott/Sites/Hammer/gem/vendor/bundle/ruby/2.0.0/specifications/byebug-2.5.0.gemspec
I, [2014-01-11T20:18:40.937581 #11947]  INFO -- : 0:  coffee-script-source (1.6.3) from /Users/elliott/Sites/Hammer/gem/vendor/bundle/ruby/2.0.0/specifications/coffee-script-source-1.6.3.gemspec
I, [2014-01-11T20:18:42.538554 #11947]  INFO -- : 0:  execjs (2.0.2) from /Users/elliott/Sites/Hammer/gem/vendor/bundle/ruby/2.0.0/specifications/execjs-2.0.2.gemspec
I, [2014-01-11T20:18:42.539326 #11947]  INFO -- : 0:  coffee-script (2.2.0) from /Users/elliott/Sites/Hammer/gem/vendor/bundle/ruby/2.0.0/specifications/coffee-script-2.2.0.gemspec
I, [2014-01-11T20:18:42.539946 #11947]  INFO -- : 0:  eco-source (1.1.0.rc.1) from /Users/elliott/Sites/Hammer/gem/vendor/bundle/ruby/2.0.0/specifications/eco-source-1.1.0.rc.1.gemspec
I, [2014-01-11T20:18:42.540565 #11947]  INFO -- : 0:  eco (1.0.0) from /Users/elliott/Sites/Hammer/gem/vendor/bundle/ruby/2.0.0/specifications/eco-1.0.0.gemspec
I, [2014-01-11T20:18:42.541170 #11947]  INFO -- : 0:  ejs (1.1.1) from /Users/elliott/Sites/Hammer/gem/vendor/bundle/ruby/2.0.0/specifications/ejs-1.1.1.gemspec
I, [2014-01-11T20:18:44.735979 #11947]  INFO -- : 0:  tilt (2.0.0) from /Users/elliott/Sites/Hammer/gem/vendor/bundle/ruby/2.0.0/specifications/tilt-2.0.0.gemspec
I, [2014-01-11T20:18:47.076474 #11947]  INFO -- : 0:  haml (4.0.4) from /Users/elliott/Sites/Hammer/gem/vendor/bundle/ruby/2.0.0/specifications/haml-4.0.4.gemspec
I, [2014-01-11T20:18:50.471012 #11947]  INFO -- : 0:  json (1.8.1) from /Users/elliott/Sites/Hammer/gem/vendor/bundle/ruby/2.0.0/specifications/json-1.8.1.gemspec
I, [2014-01-11T20:18:52.875924 #11947]  INFO -- : 0:  json_pure (1.8.1) from /Users/elliott/Sites/Hammer/gem/vendor/bundle/ruby/2.0.0/specifications/json_pure-1.8.1.gemspec
I, [2014-01-11T20:18:55.629756 #11947]  INFO -- : 0:  kramdown (1.3.1) from /Users/elliott/Sites/Hammer/gem/vendor/bundle/ruby/2.0.0/specifications/kramdown-1.3.1.gemspec
I, [2014-01-11T20:18:55.632680 #11947]  INFO -- : 0:  metaclass (0.0.1) from /Users/elliott/Sites/Hammer/gem/vendor/bundle/ruby/2.0.0/specifications/metaclass-0.0.1.gemspec
I, [2014-01-11T20:18:55.633323 #11947]  INFO -- : 0:  mocha (0.14.0) from /Users/elliott/Sites/Hammer/gem/vendor/bundle/ruby/2.0.0/specifications/mocha-0.14.0.gemspec
I, [2014-01-11T20:18:55.633974 #11947]  INFO -- : 0:  plist (3.1.0) from /Users/elliott/Sites/Hammer/gem/vendor/bundle/ruby/2.0.0/specifications/plist-3.1.0.gemspec
I, [2014-01-11T20:18:57.736643 #11947]  INFO -- : 0:  shoulda-context (1.1.6) from /Users/elliott/Sites/Hammer/gem/vendor/bundle/ruby/2.0.0/specifications/shoulda-context-1.1.6.gemspec
I, [2014-01-11T20:18:57.739824 #11947]  INFO -- : 0:  shoulda-matchers (2.0.0) from /Users/elliott/Sites/Hammer/gem/vendor/bundle/ruby/2.0.0/specifications/shoulda-matchers-2.0.0.gemspec
I, [2014-01-11T20:18:57.740457 #11947]  INFO -- : 0:  shoulda (3.5.0) from /Users/elliott/Sites/Hammer/gem/vendor/bundle/ruby/2.0.0/specifications/shoulda-3.5.0.gemspec
I, [2014-01-11T20:18:59.891365 #11947]  INFO -- : 0:  test-unit (2.5.5) from /Users/elliott/Sites/Hammer/gem/vendor/bundle/ruby/2.0.0/specifications/test-unit-2.5.5.gemspec
I, [2014-01-11T20:19:01.944446 #11947]  INFO -- : 0:  uglifier (2.4.0) from /Users/elliott/Sites/Hammer/gem/vendor/bundle/ruby/2.0.0/specifications/uglifier-2.4.0.gemspec
I, [2014-01-11T20:19:01.945531 #11947]  INFO -- : 0:  bundler (1.5.1) from /Users/elliott/.rbenv/versions/2.0.0-p247/lib/ruby/gems/2.0.0/gems/bundler-1.5.1/lib/bundler/source
